Arguments: 
  D:\Program Files\nodejs\node.exe D:\Program Files\Yarn\bin\yarn.js

PATH: 
  C:\WINDOWS\system32;C:\WINDOWS;C:\WINDOWS\System32\Wbem;C:\WINDOWS\System32\WindowsPowerShell\v1.0\;D:\Program Files\Java\jdk1.8.0_91\bin;%ANDROID_HOME%\tools;%ANDROID_HOME%\platform-tools;C:\Program Files (x86)\Windows Kits\8.1\Windows Performance Toolkit\;C:\Program Files\Microsoft SQL Server\110\Tools\Binn\;%ANDROID_HOME%;%ANDROID_HOME%\platforms;D:\Program Files\Git\cmd;D:\Program Files\TortoiseGit\bin;D:\Program Files\nodejs\;D:\Program Files\Yarn\bin;D:\AppData\Roaming;D:\AppData\npm;D:\Program Files\nodejs\node_global\node_modules;C:\Users\ytp\AppData\Local\Microsoft\WindowsApps;D:\Program Files\Microsoft VS Code\bin;C:\Users\ytp\AppData\Roaming\npm;C:\Users\ytp\AppData\Local\Yarn\.bin

Yarn version: 
  0.21.3

Node version: 
  6.9.1

Platform: 
  win32 x64

npm manifest: 
  {
    "name": "learnwebpackconfig",
    "version": "1.0.0",
    "description": "learn webpack config and plugin",
    "main": "index.js",
    "scripts": {
      "test": "echo \"Error: no test specified\" && exit 1",
      "start": "webpack-dev-server --config webpack.dev.config.js --hot",
      "build": "webpack --config ./webpack.pro.config.js"
    },
    "repository": {
      "type": "git",
      "url": "git+https://github.com/miaowwwww/webpack-learn.git"
    },
    "keywords": [
      "webpack",
      "config",
      "plugin"
    ],
    "author": "miaowwwww",
    "license": "ISC",
    "bugs": {
      "url": "https://github.com/miaowwwww/webpack-learn/issues"
    },
    "homepage": "https://github.com/miaowwwww/webpack-learn#readme",
    "devDependencies": {
      "babel-core": "^6.23.1",
      "babel-loader": "^6.3.2",
      "babel-plugin-syntax-dynamic-import": "^6.18.0",
      "babel-preset-es2015": "^6.22.0",
      "babel-preset-react": "^6.23.0",
      "css-loader": "^0.26.1",
      "extract-text-webpack-plugin": "^2.0.0-rc.3",
      "html-webpack-plugin": "^2.28.0",
      "less": "^2.7.2",
      "less-loader": "^2.2.3",
      "open-browser-webpack-plugin": "0.0.4",
      "style-loader": "^0.13.1",
      "webpack": "^2.2.1",
      "webpack-dev-server": "^2.4.1",
      "webpack-md5-hash": "0.0.5"
    },
    "dependencies": {
      "jquery": "^3.1.1"
    }
  }

yarn manifest: 
  No manifest

Lockfile: 
  No lockfile

Trace: 
  Error: getaddrinfo ENOENT registry.yarnpkg.com:443
      at Object.exports._errnoException (util.js:1026:11)
      at errnoException (dns.js:33:15)
      at GetAddrInfoReqWrap.onlookup [as oncomplete] (dns.js:76:26)
